<?xml version="1.0" encoding="UTF-8"?>
<!-- Generated by org.testng.reporters.JUnitReportReporter -->
<testsuite hostname="DESKTOP-PMOMTNG" name="google" tests="1" failures="0" timestamp="4 Feb 2016 18:06:19 GMT" time="21.330" errors="0">
  <testcase name="gooogle" time="21.330" classname="google"/>
</testsuite> <!-- google -->
