<?xml version="1.0" encoding="UTF-8"?>
<!-- Generated by org.testng.reporters.JUnitReportReporter -->
<testsuite hostname="DESKTOP-PMOMTNG" name="testRunner.LoginTrue" tests="1" failures="0" timestamp="10 Feb 2016 18:08:38 GMT" time="22.955" errors="0">
  <testcase name="Login" time="22.955" classname="testRunner.LoginTrue"/>
</testsuite> <!-- testRunner.LoginTrue -->
