<?xml version="1.0" encoding="UTF-8"?>
<!-- Generated by org.testng.reporters.JUnitReportReporter -->
<testsuite hostname="DESKTOP-PMOMTNG" name="testRunner.LoginPlatformCallCenter" tests="1" failures="0" timestamp="11 Feb 2016 17:05:01 GMT" time="159.667" errors="0">
  <testcase name="NewTelemarketer" time="159.667" classname="testRunner.LoginPlatformCallCenter"/>
</testsuite> <!-- testRunner.LoginPlatformCallCenter -->
