<?xml version="1.0" encoding="UTF-8"?>
<!-- Generated by org.testng.reporters.JUnitReportReporter -->
<testsuite hostname="DESKTOP-PMOMTNG" name="testRunner.Red5" tests="1" failures="0" timestamp="10 Feb 2016 18:02:04 GMT" time="7.489" errors="0">
  <testcase name="gooogle" time="7.489" classname="testRunner.Red5"/>
</testsuite> <!-- testRunner.Red5 -->
