<?xml version="1.0" encoding="UTF-8"?>
<!-- Generated by org.testng.reporters.JUnitReportReporter -->
<testsuite hostname="DESKTOP-PMOMTNG" name="testRunner.LoginPlatformCRM" tests="2" failures="0" timestamp="29 Feb 2016 14:24:33 GMT" time="33.498" errors="0">
  <testcase name="LoginTrue" time="19.491" classname="testRunner.LoginPlatformCRM"/>
  <testcase name="LoginFalse" time="14.007" classname="testRunner.LoginPlatformCRM"/>
</testsuite> <!-- testRunner.LoginPlatformCRM -->
