<?xml version="1.0" encoding="UTF-8"?>
<!-- Generated by org.testng.reporters.JUnitReportReporter -->
<testsuite hostname="DESKTOP-PMOMTNG" name="testRunner.LoginPlatform" tests="2" failures="0" timestamp="10 Feb 2016 18:33:45 GMT" time="65.973" errors="0">
  <testcase name="LoginFalse" time="43.054" classname="testRunner.LoginPlatform"/>
  <testcase name="LoginTrue" time="22.919" classname="testRunner.LoginPlatform"/>
</testsuite> <!-- testRunner.LoginPlatform -->
